<?xml version="1.0" encoding="UTF-8"?>
<testng-results ignored="0" total="6" passed="5" failed="1" skipped="0">
  <reporter-output>
  </reporter-output>
  <suite started-at="2024-03-06T11:42:07 IST" name="Suite" finished-at="2024-03-06T11:52:18 IST" duration-ms="610914">
    <groups>
      <group name="regression">
        <method signature="zigWheels.newbikes()[pri:1, instance:testCases.zigWheels@41e36e46]" name="newbikes" class="testCases.zigWheels"/>
        <method signature="zigWheels.usedcar()[pri:2, instance:testCases.zigWheels@41e36e46]" name="usedcar" class="testCases.zigWheels"/>
        <method signature="zigWheels.login()[pri:3, instance:testCases.zigWheels@41e36e46]" name="login" class="testCases.zigWheels"/>
        <method signature="zigWheels.newbikes()[pri:1, instance:testCases.zigWheels@384ad17b]" name="newbikes" class="testCases.zigWheels"/>
        <method signature="zigWheels.usedcar()[pri:2, instance:testCases.zigWheels@384ad17b]" name="usedcar" class="testCases.zigWheels"/>
        <method signature="zigWheels.login()[pri:3, instance:testCases.zigWheels@384ad17b]" name="login" class="testCases.zigWheels"/>
      </group> <!-- regression -->
      <group name="smoke">
        <method signature="zigWheels.newbikes()[pri:1, instance:testCases.zigWheels@41e36e46]" name="newbikes" class="testCases.zigWheels"/>
        <method signature="zigWheels.usedcar()[pri:2, instance:testCases.zigWheels@41e36e46]" name="usedcar" class="testCases.zigWheels"/>
        <method signature="zigWheels.login()[pri:3, instance:testCases.zigWheels@41e36e46]" name="login" class="testCases.zigWheels"/>
        <method signature="zigWheels.newbikes()[pri:1, instance:testCases.zigWheels@384ad17b]" name="newbikes" class="testCases.zigWheels"/>
        <method signature="zigWheels.usedcar()[pri:2, instance:testCases.zigWheels@384ad17b]" name="usedcar" class="testCases.zigWheels"/>
        <method signature="zigWheels.login()[pri:3, instance:testCases.zigWheels@384ad17b]" name="login" class="testCases.zigWheels"/>
      </group> <!-- smoke -->
      <group name="master">
        <method signature="zigWheels.newbikes()[pri:1, instance:testCases.zigWheels@41e36e46]" name="newbikes" class="testCases.zigWheels"/>
        <method signature="zigWheels.usedcar()[pri:2, instance:testCases.zigWheels@41e36e46]" name="usedcar" class="testCases.zigWheels"/>
        <method signature="zigWheels.login()[pri:3, instance:testCases.zigWheels@41e36e46]" name="login" class="testCases.zigWheels"/>
        <method signature="zigWheels.newbikes()[pri:1, instance:testCases.zigWheels@384ad17b]" name="newbikes" class="testCases.zigWheels"/>
        <method signature="zigWheels.usedcar()[pri:2, instance:testCases.zigWheels@384ad17b]" name="usedcar" class="testCases.zigWheels"/>
        <method signature="zigWheels.login()[pri:3, instance:testCases.zigWheels@384ad17b]" name="login" class="testCases.zigWheels"/>
      </group> <!-- master -->
    </groups>
    <test started-at="2024-03-06T11:42:07 IST" name="1" finished-at="2024-03-06T11:47:34 IST" duration-ms="327547">
      <class name="testCases.zigWheels">
        <test-method is-config="true" signature="setup(java.lang.String)[pri:0, instance:testCases.zigWheels@41e36e46]" started-at="2024-03-06T11:42:08 IST" name="setup" finished-at="2024-03-06T11:44:23 IST" duration-ms="135050" status="PASS">
          <params>
            <param index="0">
              <value>
                <![CDATA[1]]>
              </value>
            </param>
          </params>
          <reporter-output>
          </reporter-output>
        </test-method> <!-- setup -->
        <test-method signature="newbikes()[pri:1, instance:testCases.zigWheels@41e36e46]" started-at="2024-03-06T11:44:23 IST" name="newbikes" finished-at="2024-03-06T11:45:22 IST" duration-ms="59072" status="PASS">
          <reporter-output>
          </reporter-output>
        </test-method> <!-- newbikes -->
        <test-method signature="usedcar()[pri:2, instance:testCases.zigWheels@41e36e46]" started-at="2024-03-06T11:45:22 IST" name="usedcar" finished-at="2024-03-06T11:46:39 IST" duration-ms="77310" status="PASS">
          <reporter-output>
          </reporter-output>
        </test-method> <!-- usedcar -->
        <test-method signature="login()[pri:3, instance:testCases.zigWheels@41e36e46]" started-at="2024-03-06T11:46:39 IST" name="login" finished-at="2024-03-06T11:47:33 IST" duration-ms="53578" status="FAIL">
          <exception class="org.openqa.selenium.NoSuchElementException">
            <message>
              <![CDATA[no such element: Unable to locate element: {"method":"xpath","selector":"//div[@class='Ekjuhf Jj6Lae']"}
  (Session info: MicrosoftEdge=122.0.2365.66)
For documentation on this error, please visit: https://www.selenium.dev/documentation/webdriver/troubleshooting/errors#no-such-element-exception
Build info: version: '4.17.0', revision: 'e52b1be057*'
System info: os.name: 'Windows 11', os.arch: 'amd64', os.version: '10.0', java.version: '17.0.2'
Driver info: org.openqa.selenium.remote.RemoteWebDriver
Command: [c55b00bde566b400a4f904a0b733833f, findElement {using=xpath, value=//div[@class='Ekjuhf Jj6Lae']}]
Capabilities {acceptInsecureCerts: false, browserName: MicrosoftEdge, browserVersion: 122.0.2365.66, fedcm:accounts: true, ms:edgeOptions: {debuggerAddress: localhost:50191}, msedge: {msedgedriverVersion: 122.0.2365.66 (ab363614b8f0..., userDataDir: C:\Users\2303649\AppData\Lo...}, networkConnectionEnabled: false, pageLoadStrategy: normal, platformName: Windows 11, proxy: Proxy(), se:bidiEnabled: false, se:cdp: ws://10.229.38.62:4444/sess..., se:cdpVersion: 122.0.2365.66, setWindowRect: true, strictFileInteractability: false, timeouts: {implicit: 0, pageLoad: 300000, script: 30000}, unhandledPromptBehavior: dismiss and notify, webauthn:extension:credBlob: true, webauthn:extension:largeBlob: true, webauthn:extension:minPinLength: true, webauthn:extension:prf: true, webauthn:virtualAuthenticators: true}
Session ID: c55b00bde566b400a4f904a0b733833f]]>
            </message>
            <full-stacktrace>
              <![CDATA[org.openqa.selenium.NoSuchElementException: no such element: Unable to locate element: {"method":"xpath","selector":"//div[@class='Ekjuhf Jj6Lae']"}
  (Session info: MicrosoftEdge=122.0.2365.66)
For documentation on this error, please visit: https://www.selenium.dev/documentation/webdriver/troubleshooting/errors#no-such-element-exception
Build info: version: '4.17.0', revision: 'e52b1be057*'
System info: os.name: 'Windows 11', os.arch: 'amd64', os.version: '10.0', java.version: '17.0.2'
Driver info: org.openqa.selenium.remote.RemoteWebDriver
Command: [c55b00bde566b400a4f904a0b733833f, findElement {using=xpath, value=//div[@class='Ekjuhf Jj6Lae']}]
Capabilities {acceptInsecureCerts: false, browserName: MicrosoftEdge, browserVersion: 122.0.2365.66, fedcm:accounts: true, ms:edgeOptions: {debuggerAddress: localhost:50191}, msedge: {msedgedriverVersion: 122.0.2365.66 (ab363614b8f0..., userDataDir: C:\Users\2303649\AppData\Lo...}, networkConnectionEnabled: false, pageLoadStrategy: normal, platformName: Windows 11, proxy: Proxy(), se:bidiEnabled: false, se:cdp: ws://10.229.38.62:4444/sess..., se:cdpVersion: 122.0.2365.66, setWindowRect: true, strictFileInteractability: false, timeouts: {implicit: 0, pageLoad: 300000, script: 30000}, unhandledPromptBehavior: dismiss and notify, webauthn:extension:credBlob: true, webauthn:extension:largeBlob: true, webauthn:extension:minPinLength: true, webauthn:extension:prf: true, webauthn:virtualAuthenticators: true}
Session ID: c55b00bde566b400a4f904a0b733833f
at java.base/jdk.internal.reflect.NativeConstructorAccessorImpl.newInstance0(Native Method)
at java.base/jdk.internal.reflect.NativeConstructorAccessorImpl.newInstance(NativeConstructorAccessorImpl.java:77)
at java.base/jdk.internal.reflect.DelegatingConstructorAccessorImpl.newInstance(DelegatingConstructorAccessorImpl.java:45)
at java.base/java.lang.reflect.Constructor.newInstanceWithCaller(Constructor.java:499)
at java.base/java.lang.reflect.Constructor.newInstance(Constructor.java:480)
at org.openqa.selenium.remote.codec.w3c.W3CHttpResponseCodec.createException(W3CHttpResponseCodec.java:185)
at org.openqa.selenium.remote.codec.w3c.W3CHttpResponseCodec.decode(W3CHttpResponseCodec.java:134)
at org.openqa.selenium.remote.codec.w3c.W3CHttpResponseCodec.decode(W3CHttpResponseCodec.java:51)
at org.openqa.selenium.remote.HttpCommandExecutor.execute(HttpCommandExecutor.java:190)
at org.openqa.selenium.remote.TracedCommandExecutor.execute(TracedCommandExecutor.java:51)
at org.openqa.selenium.remote.RemoteWebDriver.execute(RemoteWebDriver.java:519)
at org.openqa.selenium.remote.ElementLocation$ElementFinder$2.findElement(ElementLocation.java:165)
at org.openqa.selenium.remote.ElementLocation.findElement(ElementLocation.java:59)
at org.openqa.selenium.remote.RemoteWebDriver.findElement(RemoteWebDriver.java:356)
at org.openqa.selenium.remote.RemoteWebDriver.findElement(RemoteWebDriver.java:350)
at org.openqa.selenium.support.pagefactory.DefaultElementLocator.findElement(DefaultElementLocator.java:68)
at org.openqa.selenium.support.pagefactory.internal.LocatingElementHandler.invoke(LocatingElementHandler.java:38)
at jdk.proxy2/jdk.proxy2.$Proxy12.getText(Unknown Source)
at pom.loginpom.errormsg(loginpom.java:39)
at testCases.zigWheels.login(zigWheels.java:128)
at java.base/jdk.internal.reflect.NativeMethodAccessorImpl.invoke0(Native Method)
at java.base/jdk.internal.reflect.NativeMethodAccessorImpl.invoke(NativeMethodAccessorImpl.java:77)
at java.base/jdk.internal.reflect.DelegatingMethodAccessorImpl.invoke(DelegatingMethodAccessorImpl.java:43)
at java.base/java.lang.reflect.Method.invoke(Method.java:568)
at org.testng.internal.invokers.MethodInvocationHelper.invokeMethod(MethodInvocationHelper.java:136)
at org.testng.internal.invokers.TestInvoker.invokeMethod(TestInvoker.java:658)
at org.testng.internal.invokers.TestInvoker.invokeTestMethod(TestInvoker.java:219)
at org.testng.internal.invokers.MethodRunner.runInSequence(MethodRunner.java:50)
at org.testng.internal.invokers.TestInvoker$MethodInvocationAgent.invoke(TestInvoker.java:923)
at org.testng.internal.invokers.TestInvoker.invokeTestMethods(TestInvoker.java:192)
at org.testng.internal.invokers.TestMethodWorker.invokeTestMethods(TestMethodWorker.java:146)
at org.testng.internal.invokers.TestMethodWorker.run(TestMethodWorker.java:128)
at java.base/java.util.ArrayList.forEach(ArrayList.java:1511)
at org.testng.TestRunner.privateRun(TestRunner.java:808)
at org.testng.TestRunner.run(TestRunner.java:603)
at org.testng.SuiteRunner.runTest(SuiteRunner.java:429)
at org.testng.SuiteRunner.runSequentially(SuiteRunner.java:423)
at org.testng.SuiteRunner.privateRun(SuiteRunner.java:383)
at org.testng.SuiteRunner.run(SuiteRunner.java:326)
at org.testng.SuiteRunnerWorker.runSuite(SuiteRunnerWorker.java:52)
at org.testng.SuiteRunnerWorker.run(SuiteRunnerWorker.java:95)
at org.testng.TestNG.runSuitesSequentially(TestNG.java:1249)
at org.testng.TestNG.runSuitesLocally(TestNG.java:1169)
at org.testng.TestNG.runSuites(TestNG.java:1092)
at org.testng.TestNG.run(TestNG.java:1060)
at org.apache.maven.surefire.testng.TestNGExecutor.run(TestNGExecutor.java:308)
at org.apache.maven.surefire.testng.TestNGXmlTestSuite.execute(TestNGXmlTestSuite.java:71)
at org.apache.maven.surefire.testng.TestNGProvider.invoke(TestNGProvider.java:113)
at org.apache.maven.surefire.booter.ForkedBooter.runSuitesInProcess(ForkedBooter.java:385)
at org.apache.maven.surefire.booter.ForkedBooter.execute(ForkedBooter.java:162)
at org.apache.maven.surefire.booter.ForkedBooter.run(ForkedBooter.java:507)
at org.apache.maven.surefire.booter.ForkedBooter.main(ForkedBooter.java:495)
]]>
            </full-stacktrace>
          </exception> <!-- org.openqa.selenium.NoSuchElementException -->
          <reporter-output>
          </reporter-output>
        </test-method> <!-- login -->
        <test-method is-config="true" signature="close()[pri:0, instance:testCases.zigWheels@41e36e46]" started-at="2024-03-06T11:47:33 IST" name="close" finished-at="2024-03-06T11:47:34 IST" duration-ms="1721" status="PASS">
          <reporter-output>
          </reporter-output>
        </test-method> <!-- close -->
      </class> <!-- testCases.zigWheels -->
    </test> <!-- 1 -->
    <test started-at="2024-03-06T11:47:35 IST" name="2" finished-at="2024-03-06T11:52:18 IST" duration-ms="282504">
      <class name="testCases.zigWheels">
        <test-method is-config="true" signature="setup(java.lang.String)[pri:0, instance:testCases.zigWheels@384ad17b]" started-at="2024-03-06T11:47:35 IST" name="setup" finished-at="2024-03-06T11:49:47 IST" duration-ms="131792" status="PASS">
          <params>
            <param index="0">
              <value>
                <![CDATA[2]]>
              </value>
            </param>
          </params>
          <reporter-output>
          </reporter-output>
        </test-method> <!-- setup -->
        <test-method signature="newbikes()[pri:1, instance:testCases.zigWheels@384ad17b]" started-at="2024-03-06T11:49:47 IST" name="newbikes" finished-at="2024-03-06T11:51:01 IST" duration-ms="73527" status="PASS">
          <reporter-output>
          </reporter-output>
        </test-method> <!-- newbikes -->
        <test-method signature="usedcar()[pri:2, instance:testCases.zigWheels@384ad17b]" started-at="2024-03-06T11:51:01 IST" name="usedcar" finished-at="2024-03-06T11:51:50 IST" duration-ms="49401" status="PASS">
          <reporter-output>
          </reporter-output>
        </test-method> <!-- usedcar -->
        <test-method signature="login()[pri:3, instance:testCases.zigWheels@384ad17b]" started-at="2024-03-06T11:51:50 IST" name="login" finished-at="2024-03-06T11:52:16 IST" duration-ms="25997" status="PASS">
          <reporter-output>
          </reporter-output>
        </test-method> <!-- login -->
        <test-method is-config="true" signature="close()[pri:0, instance:testCases.zigWheels@384ad17b]" started-at="2024-03-06T11:52:16 IST" name="close" finished-at="2024-03-06T11:52:18 IST" duration-ms="1776" status="PASS">
          <reporter-output>
          </reporter-output>
        </test-method> <!-- close -->
      </class> <!-- testCases.zigWheels -->
    </test> <!-- 2 -->
  </suite> <!-- Suite -->
</testng-results>
