<?xml version="1.0" encoding="UTF-8"?>
<testng-results ignored="0" total="6" passed="6" failed="0" skipped="0">
  <reporter-output>
  </reporter-output>
  <suite started-at="2024-03-04T11:06:18 IST" name="Suite" finished-at="2024-03-04T11:08:17 IST" duration-ms="119701">
    <groups>
      <group name="regression">
        <method signature="zigWheels.newbikes()[pri:1, instance:testCases.zigWheels@4facf68f]" name="newbikes" class="testCases.zigWheels"/>
        <method signature="zigWheels.usedcar()[pri:2, instance:testCases.zigWheels@4facf68f]" name="usedcar" class="testCases.zigWheels"/>
        <method signature="zigWheels.login()[pri:3, instance:testCases.zigWheels@4facf68f]" name="login" class="testCases.zigWheels"/>
        <method signature="zigWheels.newbikes()[pri:1, instance:testCases.zigWheels@123ef382]" name="newbikes" class="testCases.zigWheels"/>
        <method signature="zigWheels.usedcar()[pri:2, instance:testCases.zigWheels@123ef382]" name="usedcar" class="testCases.zigWheels"/>
        <method signature="zigWheels.login()[pri:3, instance:testCases.zigWheels@123ef382]" name="login" class="testCases.zigWheels"/>
      </group> <!-- regression -->
      <group name="smoke">
        <method signature="zigWheels.newbikes()[pri:1, instance:testCases.zigWheels@4facf68f]" name="newbikes" class="testCases.zigWheels"/>
        <method signature="zigWheels.usedcar()[pri:2, instance:testCases.zigWheels@4facf68f]" name="usedcar" class="testCases.zigWheels"/>
        <method signature="zigWheels.login()[pri:3, instance:testCases.zigWheels@4facf68f]" name="login" class="testCases.zigWheels"/>
        <method signature="zigWheels.newbikes()[pri:1, instance:testCases.zigWheels@123ef382]" name="newbikes" class="testCases.zigWheels"/>
        <method signature="zigWheels.usedcar()[pri:2, instance:testCases.zigWheels@123ef382]" name="usedcar" class="testCases.zigWheels"/>
        <method signature="zigWheels.login()[pri:3, instance:testCases.zigWheels@123ef382]" name="login" class="testCases.zigWheels"/>
      </group> <!-- smoke -->
      <group name="master">
        <method signature="zigWheels.newbikes()[pri:1, instance:testCases.zigWheels@4facf68f]" name="newbikes" class="testCases.zigWheels"/>
        <method signature="zigWheels.usedcar()[pri:2, instance:testCases.zigWheels@4facf68f]" name="usedcar" class="testCases.zigWheels"/>
        <method signature="zigWheels.login()[pri:3, instance:testCases.zigWheels@4facf68f]" name="login" class="testCases.zigWheels"/>
        <method signature="zigWheels.newbikes()[pri:1, instance:testCases.zigWheels@123ef382]" name="newbikes" class="testCases.zigWheels"/>
        <method signature="zigWheels.usedcar()[pri:2, instance:testCases.zigWheels@123ef382]" name="usedcar" class="testCases.zigWheels"/>
        <method signature="zigWheels.login()[pri:3, instance:testCases.zigWheels@123ef382]" name="login" class="testCases.zigWheels"/>
      </group> <!-- master -->
    </groups>
    <test started-at="2024-03-04T11:06:18 IST" name="1" finished-at="2024-03-04T11:07:17 IST" duration-ms="58956">
      <class name="testCases.zigWheels">
        <test-method is-config="true" signature="setup(java.lang.String)[pri:0, instance:testCases.zigWheels@4facf68f]" started-at="2024-03-04T11:06:18 IST" name="setup" finished-at="2024-03-04T11:06:32 IST" duration-ms="13382" status="PASS">
          <params>
            <param index="0">
              <value>
                <![CDATA[1]]>
              </value>
            </param>
          </params>
          <reporter-output>
          </reporter-output>
        </test-method> <!-- setup -->
        <test-method signature="newbikes()[pri:1, instance:testCases.zigWheels@4facf68f]" started-at="2024-03-04T11:06:32 IST" name="newbikes" finished-at="2024-03-04T11:06:48 IST" duration-ms="16426" status="PASS">
          <reporter-output>
          </reporter-output>
        </test-method> <!-- newbikes -->
        <test-method signature="usedcar()[pri:2, instance:testCases.zigWheels@4facf68f]" started-at="2024-03-04T11:06:48 IST" name="usedcar" finished-at="2024-03-04T11:07:01 IST" duration-ms="13410" status="PASS">
          <reporter-output>
          </reporter-output>
        </test-method> <!-- usedcar -->
        <test-method signature="login()[pri:3, instance:testCases.zigWheels@4facf68f]" started-at="2024-03-04T11:07:01 IST" name="login" finished-at="2024-03-04T11:07:15 IST" duration-ms="13879" status="PASS">
          <reporter-output>
          </reporter-output>
        </test-method> <!-- login -->
        <test-method is-config="true" signature="close()[pri:0, instance:testCases.zigWheels@4facf68f]" started-at="2024-03-04T11:07:15 IST" name="close" finished-at="2024-03-04T11:07:17 IST" duration-ms="1315" status="PASS">
          <reporter-output>
          </reporter-output>
        </test-method> <!-- close -->
      </class> <!-- testCases.zigWheels -->
    </test> <!-- 1 -->
    <test started-at="2024-03-04T11:07:17 IST" name="2" finished-at="2024-03-04T11:08:17 IST" duration-ms="60118">
      <class name="testCases.zigWheels">
        <test-method is-config="true" signature="setup(java.lang.String)[pri:0, instance:testCases.zigWheels@123ef382]" started-at="2024-03-04T11:07:17 IST" name="setup" finished-at="2024-03-04T11:07:34 IST" duration-ms="16819" status="PASS">
          <params>
            <param index="0">
              <value>
                <![CDATA[2]]>
              </value>
            </param>
          </params>
          <reporter-output>
          </reporter-output>
        </test-method> <!-- setup -->
        <test-method signature="newbikes()[pri:1, instance:testCases.zigWheels@123ef382]" started-at="2024-03-04T11:07:34 IST" name="newbikes" finished-at="2024-03-04T11:07:46 IST" duration-ms="11840" status="PASS">
          <reporter-output>
          </reporter-output>
        </test-method> <!-- newbikes -->
        <test-method signature="usedcar()[pri:2, instance:testCases.zigWheels@123ef382]" started-at="2024-03-04T11:07:46 IST" name="usedcar" finished-at="2024-03-04T11:08:03 IST" duration-ms="17046" status="PASS">
          <reporter-output>
          </reporter-output>
        </test-method> <!-- usedcar -->
        <test-method signature="login()[pri:3, instance:testCases.zigWheels@123ef382]" started-at="2024-03-04T11:08:03 IST" name="login" finished-at="2024-03-04T11:08:16 IST" duration-ms="13146" status="PASS">
          <reporter-output>
          </reporter-output>
        </test-method> <!-- login -->
        <test-method is-config="true" signature="close()[pri:0, instance:testCases.zigWheels@123ef382]" started-at="2024-03-04T11:08:16 IST" name="close" finished-at="2024-03-04T11:08:17 IST" duration-ms="1258" status="PASS">
          <reporter-output>
          </reporter-output>
        </test-method> <!-- close -->
      </class> <!-- testCases.zigWheels -->
    </test> <!-- 2 -->
  </suite> <!-- Suite -->
</testng-results>
