<?xml version="1.0" encoding="UTF-8"?>
<testng-results ignored="0" total="6" passed="6" failed="0" skipped="0">
  <reporter-output>
  </reporter-output>
  <suite started-at="2024-03-04T10:58:51 IST" name="Suite" finished-at="2024-03-04T11:00:37 IST" duration-ms="105741">
    <groups>
      <group name="regression">
        <method signature="zigWheels.newbikes()[pri:1, instance:testCases.zigWheels@59309333]" name="newbikes" class="testCases.zigWheels"/>
        <method signature="zigWheels.usedcar()[pri:2, instance:testCases.zigWheels@59309333]" name="usedcar" class="testCases.zigWheels"/>
        <method signature="zigWheels.login()[pri:3, instance:testCases.zigWheels@59309333]" name="login" class="testCases.zigWheels"/>
        <method signature="zigWheels.newbikes()[pri:1, instance:testCases.zigWheels@74f0ea28]" name="newbikes" class="testCases.zigWheels"/>
        <method signature="zigWheels.usedcar()[pri:2, instance:testCases.zigWheels@74f0ea28]" name="usedcar" class="testCases.zigWheels"/>
        <method signature="zigWheels.login()[pri:3, instance:testCases.zigWheels@74f0ea28]" name="login" class="testCases.zigWheels"/>
      </group> <!-- regression -->
      <group name="smoke">
        <method signature="zigWheels.newbikes()[pri:1, instance:testCases.zigWheels@59309333]" name="newbikes" class="testCases.zigWheels"/>
        <method signature="zigWheels.usedcar()[pri:2, instance:testCases.zigWheels@59309333]" name="usedcar" class="testCases.zigWheels"/>
        <method signature="zigWheels.login()[pri:3, instance:testCases.zigWheels@59309333]" name="login" class="testCases.zigWheels"/>
        <method signature="zigWheels.newbikes()[pri:1, instance:testCases.zigWheels@74f0ea28]" name="newbikes" class="testCases.zigWheels"/>
        <method signature="zigWheels.usedcar()[pri:2, instance:testCases.zigWheels@74f0ea28]" name="usedcar" class="testCases.zigWheels"/>
        <method signature="zigWheels.login()[pri:3, instance:testCases.zigWheels@74f0ea28]" name="login" class="testCases.zigWheels"/>
      </group> <!-- smoke -->
      <group name="master">
        <method signature="zigWheels.newbikes()[pri:1, instance:testCases.zigWheels@59309333]" name="newbikes" class="testCases.zigWheels"/>
        <method signature="zigWheels.usedcar()[pri:2, instance:testCases.zigWheels@59309333]" name="usedcar" class="testCases.zigWheels"/>
        <method signature="zigWheels.login()[pri:3, instance:testCases.zigWheels@59309333]" name="login" class="testCases.zigWheels"/>
        <method signature="zigWheels.newbikes()[pri:1, instance:testCases.zigWheels@74f0ea28]" name="newbikes" class="testCases.zigWheels"/>
        <method signature="zigWheels.usedcar()[pri:2, instance:testCases.zigWheels@74f0ea28]" name="usedcar" class="testCases.zigWheels"/>
        <method signature="zigWheels.login()[pri:3, instance:testCases.zigWheels@74f0ea28]" name="login" class="testCases.zigWheels"/>
      </group> <!-- master -->
    </groups>
    <test started-at="2024-03-04T10:58:51 IST" name="1" finished-at="2024-03-04T10:59:43 IST" duration-ms="51610">
      <class name="testCases.zigWheels">
        <test-method is-config="true" signature="setup(java.lang.String)[pri:0, instance:testCases.zigWheels@59309333]" started-at="2024-03-04T10:58:52 IST" name="setup" finished-at="2024-03-04T10:59:05 IST" duration-ms="13544" status="PASS">
          <params>
            <param index="0">
              <value>
                <![CDATA[1]]>
              </value>
            </param>
          </params>
          <reporter-output>
          </reporter-output>
        </test-method> <!-- setup -->
        <test-method signature="newbikes()[pri:1, instance:testCases.zigWheels@59309333]" started-at="2024-03-04T10:59:05 IST" name="newbikes" finished-at="2024-03-04T10:59:21 IST" duration-ms="16287" status="PASS">
          <reporter-output>
          </reporter-output>
        </test-method> <!-- newbikes -->
        <test-method signature="usedcar()[pri:2, instance:testCases.zigWheels@59309333]" started-at="2024-03-04T10:59:21 IST" name="usedcar" finished-at="2024-03-04T10:59:35 IST" duration-ms="13097" status="PASS">
          <reporter-output>
          </reporter-output>
        </test-method> <!-- usedcar -->
        <test-method signature="login()[pri:3, instance:testCases.zigWheels@59309333]" started-at="2024-03-04T10:59:35 IST" name="login" finished-at="2024-03-04T10:59:41 IST" duration-ms="6773" status="PASS">
          <reporter-output>
          </reporter-output>
        </test-method> <!-- login -->
        <test-method is-config="true" signature="close()[pri:0, instance:testCases.zigWheels@59309333]" started-at="2024-03-04T10:59:41 IST" name="close" finished-at="2024-03-04T10:59:43 IST" duration-ms="1217" status="PASS">
          <reporter-output>
          </reporter-output>
        </test-method> <!-- close -->
      </class> <!-- testCases.zigWheels -->
    </test> <!-- 1 -->
    <test started-at="2024-03-04T10:59:43 IST" name="2" finished-at="2024-03-04T11:00:37 IST" duration-ms="53440">
      <class name="testCases.zigWheels">
        <test-method is-config="true" signature="setup(java.lang.String)[pri:0, instance:testCases.zigWheels@74f0ea28]" started-at="2024-03-04T10:59:43 IST" name="setup" finished-at="2024-03-04T11:00:01 IST" duration-ms="17783" status="PASS">
          <params>
            <param index="0">
              <value>
                <![CDATA[2]]>
              </value>
            </param>
          </params>
          <reporter-output>
          </reporter-output>
        </test-method> <!-- setup -->
        <test-method signature="newbikes()[pri:1, instance:testCases.zigWheels@74f0ea28]" started-at="2024-03-04T11:00:01 IST" name="newbikes" finished-at="2024-03-04T11:00:16 IST" duration-ms="15099" status="PASS">
          <reporter-output>
          </reporter-output>
        </test-method> <!-- newbikes -->
        <test-method signature="usedcar()[pri:2, instance:testCases.zigWheels@74f0ea28]" started-at="2024-03-04T11:00:16 IST" name="usedcar" finished-at="2024-03-04T11:00:29 IST" duration-ms="12938" status="PASS">
          <reporter-output>
          </reporter-output>
        </test-method> <!-- usedcar -->
        <test-method signature="login()[pri:3, instance:testCases.zigWheels@74f0ea28]" started-at="2024-03-04T11:00:29 IST" name="login" finished-at="2024-03-04T11:00:35 IST" duration-ms="6331" status="PASS">
          <reporter-output>
          </reporter-output>
        </test-method> <!-- login -->
        <test-method is-config="true" signature="close()[pri:0, instance:testCases.zigWheels@74f0ea28]" started-at="2024-03-04T11:00:35 IST" name="close" finished-at="2024-03-04T11:00:37 IST" duration-ms="1281" status="PASS">
          <reporter-output>
          </reporter-output>
        </test-method> <!-- close -->
      </class> <!-- testCases.zigWheels -->
    </test> <!-- 2 -->
  </suite> <!-- Suite -->
</testng-results>
